2025-10-12 09:54:22,363 - INFO - CSV fayl o'qilmoqda:...
2025-10-12 09:54:22,397 - INFO - Fayl muvaffaqiyatli o'qildi. Sat\u0131rlar soni: 2022 ustunlar soni: 20
2025-10-12 10:21:38,289 - INFO - CSV fayl o'qilmoqda:...
2025-10-12 10:21:38,308 - INFO - Fayl muvaffaqiyatli o'qildi. Sat\u0131rlar soni: 2022 ustunlar soni: 20
2025-10-12 10:22:03,613 - INFO - Chromium init'ed with kwargs {}
2025-10-12 10:22:03,614 - INFO - Found chromium path: C:\Program Files\Google\Chrome\Application\chrome.exe
2025-10-12 10:22:03,615 - INFO - Temp directory created: C:\Users\RASULB~1\AppData\Local\Temp\tmpf6vwo68i.
2025-10-12 10:22:03,617 - INFO - Opening browser.
2025-10-12 10:22:03,618 - INFO - Temp directory created: C:\Users\RASULB~1\AppData\Local\Temp\tmpale0rx08.
2025-10-12 10:22:03,618 - INFO - Temporary directory at: C:\Users\RASULB~1\AppData\Local\Temp\tmpale0rx08
2025-10-12 10:22:04,094 - INFO - Conforming 1 to file:///C:/Users/RASULB~1/AppData/Local/Temp/tmpf6vwo68i/index.html
2025-10-12 10:22:04,094 - INFO - Waiting on all navigates
2025-10-12 10:22:05,501 - INFO - All navigates done, putting them all in queue.
2025-10-12 10:22:05,502 - INFO - Getting tab from queue (has 1)
2025-10-12 10:22:05,502 - INFO - Got 2319
2025-10-12 10:22:05,502 - INFO - Processing Umr_davomiyligi_taqsimoti_120_yilgacha.png
2025-10-12 10:22:05,502 - INFO - Sending big command for Umr_davomiyligi_taqsimoti_120_yilgacha.png.
2025-10-12 10:22:05,577 - INFO - Sent big command for Umr_davomiyligi_taqsimoti_120_yilgacha.png.
2025-10-12 10:22:05,578 - INFO - Reloading tab 2319 before return.
2025-10-12 10:22:05,674 - INFO - Putting tab 2319 back (queue size: 0).
2025-10-12 10:22:05,674 - INFO - Waiting for all cleanups to finish.
2025-10-12 10:22:05,674 - INFO - Exiting Kaleido
2025-10-12 10:22:05,674 - INFO - Closing browser.
2025-10-12 10:22:05,677 - INFO - Closing browser.
2025-10-12 10:22:05,678 - INFO - TemporaryDirectory.cleanup() worked.
2025-10-12 10:22:05,679 - INFO - shutil.rmtree worked.
2025-10-12 10:22:05,679 - INFO - Cancelling tasks.
2025-10-12 10:22:05,679 - INFO - Exiting Kaleido/Choreo
2025-10-12 10:22:05,865 - INFO - TemporaryDirectory.cleanup() worked.
2025-10-12 10:22:05,866 - INFO - shutil.rmtree worked.
2025-10-12 10:22:05,866 - INFO - TemporaryDirectory.cleanup() worked.
2025-10-12 10:22:05,866 - INFO - shutil.rmtree worked.
2025-10-12 10:22:05,866 - INFO - Cancelling tasks.
2025-10-12 10:22:05,866 - INFO - Exiting Kaleido/Choreo
2025-10-12 10:22:41,530 - INFO - TemporaryDirectory.cleanup() worked.
2025-10-12 10:22:41,531 - INFO - shutil.rmtree worked.
2025-11-29 14:39:51,691 - INFO - CSV fayl o'qilmoqda:...
2025-11-29 14:39:51,704 - INFO - Fayl muvaffaqiyatli o'qildi. Sat\u0131rlar soni: 2022 ustunlar soni: 20
